Arguments: 
  /usr/local/Cellar/node/14.6.0/bin/node /usr/local/Cellar/yarn/1.22.4/libexec/bin/yarn.js

PATH: 
  /usr/local/bin:/usr/bin:/bin:/usr/sbin:/sbin:/Users/bholcomb/flutter/bin:/Library/Apple/usr/bin

Yarn version: 
  1.22.4

Node version: 
  14.6.0

Platform: 
  darwin x64

Trace: 
  Error: https://registry.npmjs.intuit.com/@figma%2fplugin-typings: Request "https://registry.npmjs.intuit.com/@figma%2fplugin-typings" returned a 403
      at Request.params.callback [as _callback] (/usr/local/Cellar/yarn/1.22.4/libexec/lib/cli.js:66996:18)
      at Request.self.callback (/usr/local/Cellar/yarn/1.22.4/libexec/lib/cli.js:140748:22)
      at Request.emit (events.js:314:20)
      at Request.<anonymous> (/usr/local/Cellar/yarn/1.22.4/libexec/lib/cli.js:141720:10)
      at Request.emit (events.js:314:20)
      at IncomingMessage.<anonymous> (/usr/local/Cellar/yarn/1.22.4/libexec/lib/cli.js:141642:12)
      at Object.onceWrapper (events.js:420:28)
      at IncomingMessage.emit (events.js:326:22)
      at endReadableNT (_stream_readable.js:1244:12)
      at processTicksAndRejections (internal/process/task_queues.js:80:21)

npm manifest: 
  {
    "name": "dixma",
    "version": "1.0.0",
    "description": "Your Figma Plugin",
    "main": "code.js",
    "scripts": {
      "build": "tsc -p tsconfig.json"
    },
    "author": "",
    "license": "",
    "devDependencies": {
      "@figma/plugin-typings": "^1.16.1"
    }
  }

yarn manifest: 
  No manifest

Lockfile: 
  No lockfile
